<?xml version="1.0" encoding="UTF-8"?>
<testsuite name="com.howtodoinjava.demo.SpringBootDemoApplicationTests" time="0.011" tests="1" errors="1" skipped="0" failures="0">
  <properties>
[...]
</properties>
  <testcase name="initializationError" classname="com.howtodoinjava.demo.SpringBootDemoApplicationTests" time="0.011">
    <error message="Unable to find a @SpringBootConfiguration, you need to use @ContextConfiguration or @SpringBootTest(classes=...) with your test" type="java.lang.IllegalStateException"><![CDATA[java.lang.IllegalStateException: Unable to find a @SpringBootConfiguration, you need to use @ContextConfiguration or @SpringBootTest(classes=...) with your test
	at org.springframework.util.Assert.state(Assert.java:392)
	at org.springframework.boot.test.context.SpringBootTestContextBootstrapper.getOrFindConfigurationClasses(SpringBootTestContextBootstrapper.java:156)
	at org.springframework.boot.test.context.SpringBootTestContextBootstrapper.processMergedContextConfiguration(SpringBootTestContextBootstrapper.java:116)
	at org.springframework.test.context.support.AbstractTestContextBootstrapper.buildMergedContextConfiguration(AbstractTestContextBootstrapper.java:409)
	at org.springframework.test.context.support.AbstractTestContextBootstrapper.buildDefaultMergedContextConfiguration(AbstractTestContextBootstrapper.java:323)
	at org.springframework.test.context.support.AbstractTestContextBootstrapper.buildMergedContextConfiguration(AbstractTestContextBootstrapper.java:277)
	at org.springframework.test.context.support.AbstractTestContextBootstrapper.buildTestContext(AbstractTestContextBootstrapper.java:112)
	at org.springframework.boot.test.context.SpringBootTestContextBootstrapper.buildTestContext(SpringBootTestContextBootstrapper.java:74)
	at org.springframework.test.context.TestContextManager.<init>(TestContextManager.java:120)
	at org.springframework.test.context.TestContextManager.<init>(TestContextManager.java:105)
	at org.springframework.test.context.junit4.SpringJUnit4ClassRunner.createTestContextManager(SpringJUnit4ClassRunner.java:152)
	at org.springframework.test.context.junit4.SpringJUnit4ClassRunner.<init>(SpringJUnit4ClassRunner.java:143)
	at org.springframework.test.context.junit4.SpringRunner.<init>(SpringRunner.java:49)
	at sun.reflect.NativeConstructorAccessorImpl.newInstance0(Native Method)
	at sun.reflect.NativeConstructorAccessorImpl.newInstance(NativeConstructorAccessorImpl.java:62)
	at sun.reflect.DelegatingConstructorAccessorImpl.newInstance(DelegatingConstructorAccessorImpl.java:45)
	at java.lang.reflect.Constructor.newInstance(Constructor.java:423)
	at org.junit.internal.builders.AnnotatedBuilder.buildRunner(AnnotatedBuilder.java:104)
	at org.junit.internal.builders.AnnotatedBuilder.runnerForClass(AnnotatedBuilder.java:86)
	at org.junit.runners.model.RunnerBuilder.safeRunnerForClass(RunnerBuilder.java:59)
	at org.junit.internal.builders.AllDefaultPossibilitiesBuilder.runnerForClass(AllDefaultPossibilitiesBuilder.java:26)
	at org.junit.runners.model.RunnerBuilder.safeRunnerForClass(RunnerBuilder.java:59)
	at org.junit.internal.requests.ClassRequest.getRunner(ClassRequest.java:33)
	at org.apache.maven.surefire.junit4.JUnit4Provider.execute(JUnit4Provider.java:283)
	at org.apache.maven.surefire.junit4.JUnit4Provider.executeWithRerun(JUnit4Provider.java:173)
	at org.apache.maven.surefire.junit4.JUnit4Provider.executeTestSet(JUnit4Provider.java:153)
	at org.apache.maven.surefire.junit4.JUnit4Provider.invoke(JUnit4Provider.java:128)
	at org.apache.maven.surefire.booter.ForkedBooter.invokeProviderInSameClassLoader(ForkedBooter.java:203)
	at org.apache.maven.surefire.booter.ForkedBooter.runSuitesInProcess(ForkedBooter.java:155)
	at org.apache.maven.surefire.booter.ForkedBooter.main(ForkedBooter.java:103)
]]></error>
    <system-out><![CDATA[09:55:57.234 [main] DEBUG org.springframework.test.context.junit4.SpringJUnit4ClassRunner - SpringJUnit4ClassRunner constructor called with [class com.howtodoinjava.demo.SpringBootDemoApplicationTests]
09:55:57.242 [main] DEBUG org.springframework.test.context.BootstrapUtils - Instantiating CacheAwareContextLoaderDelegate from class [org.springframework.test.context.cache.DefaultCacheAwareContextLoaderDelegate]
09:55:57.254 [main] DEBUG org.springframework.test.context.BootstrapUtils - Instantiating BootstrapContext using constructor [public org.springframework.test.context.support.DefaultBootstrapContext(java.lang.Class,org.springframework.test.context.CacheAwareContextLoaderDelegate)]
09:55:57.276 [main] DEBUG org.springframework.test.context.BootstrapUtils - Instantiating TestContextBootstrapper for test class [com.howtodoinjava.demo.SpringBootDemoApplicationTests] from class [org.springframework.boot.test.context.SpringBootTestContextBootstrapper]
09:55:57.288 [main] INFO org.springframework.boot.test.context.SpringBootTestContextBootstrapper - Neither @ContextConfiguration nor @ContextHierarchy found for test class [com.howtodoinjava.demo.SpringBootDemoApplicationTests], using SpringBootContextLoader
09:55:57.293 [main] DEBUG org.springframework.test.context.support.AbstractContextLoader - Did not detect default resource location for test class [com.howtodoinjava.demo.SpringBootDemoApplicationTests]: class path resource [com/howtodoinjava/demo/SpringBootDemoApplicationTests-context.xml] does not exist
09:55:57.293 [main] DEBUG org.springframework.test.context.support.AbstractContextLoader - Did not detect default resource location for test class [com.howtodoinjava.demo.SpringBootDemoApplicationTests]: class path resource [com/howtodoinjava/demo/SpringBootDemoApplicationTestsContext.groovy] does not exist
09:55:57.293 [main] INFO org.springframework.test.context.support.AbstractContextLoader - Could not detect default resource locations for test class [com.howtodoinjava.demo.SpringBootDemoApplicationTests]: no resource found for suffixes {-context.xml, Context.groovy}.
09:55:57.294 [main] INFO org.springframework.test.context.support.AnnotationConfigContextLoaderUtils - Could not detect default configuration classes for test class [com.howtodoinjava.demo.SpringBootDemoApplicationTests]: SpringBootDemoApplicationTests does not declare any static, non-private, non-final, nested classes annotated with @Configuration.
09:55:57.337 [main] DEBUG org.springframework.test.context.support.ActiveProfilesUtils - Could not find an 'annotation declaring class' for annotation type [org.springframework.test.context.ActiveProfiles] and class [com.howtodoinjava.demo.SpringBootDemoApplicationTests]
09:55:57.392 [main] DEBUG org.springframework.core.env.StandardEnvironment - Adding [systemProperties] PropertySource with lowest search precedence
09:55:57.394 [main] DEBUG org.springframework.core.env.StandardEnvironment - Adding [systemEnvironment] PropertySource with lowest search precedence
09:55:57.394 [main] DEBUG org.springframework.core.env.StandardEnvironment - Initialized StandardEnvironment with PropertySources [systemProperties,systemEnvironment]
09:55:57.406 [main] DEBUG org.springframework.core.io.support.PathMatchingResourcePatternResolver - Resolved classpath location [com/howtodoinjava/demo/] to resources [URL [file:/C:/Users/c-rcheruku/Downloads/RewardsProgram/springbootdemo/target/test-classes/com/howtodoinjava/demo/]]
09:55:57.407 [main] DEBUG org.springframework.core.io.support.PathMatchingResourcePatternResolver - Looking for matching resources in directory tree [C:\Users\c-rcheruku\Downloads\RewardsProgram\springbootdemo\target\test-classes\com\howtodoinjava\demo]
09:55:57.407 [main] DEBUG org.springframework.core.io.support.PathMatchingResourcePatternResolver - Searching directory [C:\Users\c-rcheruku\Downloads\RewardsProgram\springbootdemo\target\test-classes\com\howtodoinjava\demo] for files matching pattern [C:/Users/c-rcheruku/Downloads/RewardsProgram/springbootdemo/target/test-classes/com/howtodoinjava/demo/*.class]
09:55:57.411 [main] DEBUG org.springframework.core.io.support.PathMatchingResourcePatternResolver - Resolved location pattern [classpath*:com/howtodoinjava/demo/*.class] to resources [file [C:\Users\c-rcheruku\Downloads\RewardsProgram\springbootdemo\target\test-classes\com\howtodoinjava\demo\SpringBootDemoApplicationTests.class]]
09:55:57.437 [main] DEBUG org.springframework.core.io.support.PathMatchingResourcePatternResolver - Resolved classpath location [com/howtodoinjava/] to resources [URL [file:/C:/Users/c-rcheruku/Downloads/RewardsProgram/springbootdemo/target/test-classes/com/howtodoinjava/]]
09:55:57.437 [main] DEBUG org.springframework.core.io.support.PathMatchingResourcePatternResolver - Looking for matching resources in directory tree [C:\Users\c-rcheruku\Downloads\RewardsProgram\springbootdemo\target\test-classes\com\howtodoinjava]
09:55:57.438 [main] DEBUG org.springframework.core.io.support.PathMatchingResourcePatternResolver - Searching directory [C:\Users\c-rcheruku\Downloads\RewardsProgram\springbootdemo\target\test-classes\com\howtodoinjava] for files matching pattern [C:/Users/c-rcheruku/Downloads/RewardsProgram/springbootdemo/target/test-classes/com/howtodoinjava/*.class]
09:55:57.438 [main] DEBUG org.springframework.core.io.support.PathMatchingResourcePatternResolver - Resolved location pattern [classpath*:com/howtodoinjava/*.class] to resources []
09:55:57.439 [main] DEBUG org.springframework.core.io.support.PathMatchingResourcePatternResolver - Resolved classpath location [com/] to resources [URL [file:/C:/Users/c-rcheruku/Downloads/RewardsProgram/springbootdemo/target/test-classes/com/], URL [file:/C:/Users/c-rcheruku/Downloads/RewardsProgram/springbootdemo/target/classes/com/], URL [jar:file:/C:/Users/c-rcheruku/.m2/repository/com/fasterxml/jackson/core/jackson-databind/2.8.1/jackson-databind-2.8.1.jar!/com/], URL [jar:file:/C:/Users/c-rcheruku/.m2/repository/com/fasterxml/jackson/core/jackson-annotations/2.8.1/jackson-annotations-2.8.1.jar!/com/], URL [jar:file:/C:/Users/c-rcheruku/.m2/repository/com/fasterxml/jackson/core/jackson-core/2.8.1/jackson-core-2.8.1.jar!/com/], URL [jar:file:/C:/Users/c-rcheruku/.m2/repository/org/glassfish/jersey/core/jersey-server/2.23.1/jersey-server-2.23.1.jar!/com/], URL [jar:file:/C:/Users/c-rcheruku/.m2/repository/org/glassfish/hk2/hk2-core/2.4.0-b34/hk2-core-2.4.0-b34.jar!/com/], URL [jar:file:/C:/Users/c-rcheruku/.m2/repository/com/fasterxml/jackson/jaxrs/jackson-jaxrs-base/2.8.1/jackson-jaxrs-base-2.8.1.jar!/com/], URL [jar:file:/C:/Users/c-rcheruku/.m2/repository/com/fasterxml/jackson/jaxrs/jackson-jaxrs-json-provider/2.8.1/jackson-jaxrs-json-provider-2.8.1.jar!/com/], URL [jar:file:/C:/Users/c-rcheruku/.m2/repository/com/fasterxml/jackson/module/jackson-module-jaxb-annotations/2.8.1/jackson-module-jaxb-annotations-2.8.1.jar!/com/], URL [jar:file:/C:/Users/c-rcheruku/.m2/repository/com/fasterxml/classmate/1.3.1/classmate-1.3.1.jar!/com/], URL [jar:file:/C:/Users/c-rcheruku/.m2/repository/com/jayway/jsonpath/json-path/2.2.0/json-path-2.2.0.jar!/com/]]
09:55:57.440 [main] DEBUG org.springframework.core.io.support.PathMatchingResourcePatternResolver - Looking for matching resources in directory tree [C:\Users\c-rcheruku\Downloads\RewardsProgram\springbootdemo\target\test-classes\com]
09:55:57.440 [main] DEBUG org.springframework.core.io.support.PathMatchingResourcePatternResolver - Searching directory [C:\Users\c-rcheruku\Downloads\RewardsProgram\springbootdemo\target\test-classes\com] for files matching pattern [C:/Users/c-rcheruku/Downloads/RewardsProgram/springbootdemo/target/test-classes/com/*.class]
09:55:57.441 [main] DEBUG org.springframework.core.io.support.PathMatchingResourcePatternResolver - Looking for matching resources in directory tree [C:\Users\c-rcheruku\Downloads\RewardsProgram\springbootdemo\target\classes\com]
09:55:57.442 [main] DEBUG org.springframework.core.io.support.PathMatchingResourcePatternResolver - Searching directory [C:\Users\c-rcheruku\Downloads\RewardsProgram\springbootdemo\target\classes\com] for files matching pattern [C:/Users/c-rcheruku/Downloads/RewardsProgram/springbootdemo/target/classes/com/*.class]
09:55:57.443 [main] DEBUG org.springframework.core.io.support.PathMatchingResourcePatternResolver - Looking for matching resources in jar file [file:/C:/Users/c-rcheruku/.m2/repository/com/fasterxml/jackson/core/jackson-databind/2.8.1/jackson-databind-2.8.1.jar]
09:55:57.455 [main] DEBUG org.springframework.core.io.support.PathMatchingResourcePatternResolver - Looking for matching resources in jar file [file:/C:/Users/c-rcheruku/.m2/repository/com/fasterxml/jackson/core/jackson-annotations/2.8.1/jackson-annotations-2.8.1.jar]
09:55:57.459 [main] DEBUG org.springframework.core.io.support.PathMatchingResourcePatternResolver - Looking for matching resources in jar file [file:/C:/Users/c-rcheruku/.m2/repository/com/fasterxml/jackson/core/jackson-core/2.8.1/jackson-core-2.8.1.jar]
09:55:57.460 [main] DEBUG org.springframework.core.io.support.PathMatchingResourcePatternResolver - Looking for matching resources in jar file [file:/C:/Users/c-rcheruku/.m2/repository/org/glassfish/jersey/core/jersey-server/2.23.1/jersey-server-2.23.1.jar]
09:55:57.461 [main] DEBUG org.springframework.core.io.support.PathMatchingResourcePatternResolver - Looking for matching resources in jar file [file:/C:/Users/c-rcheruku/.m2/repository/org/glassfish/hk2/hk2-core/2.4.0-b34/hk2-core-2.4.0-b34.jar]
09:55:57.462 [main] DEBUG org.springframework.core.io.support.PathMatchingResourcePatternResolver - Looking for matching resources in jar file [file:/C:/Users/c-rcheruku/.m2/repository/com/fasterxml/jackson/jaxrs/jackson-jaxrs-base/2.8.1/jackson-jaxrs-base-2.8.1.jar]
09:55:57.462 [main] DEBUG org.springframework.core.io.support.PathMatchingResourcePatternResolver - Looking for matching resources in jar file [file:/C:/Users/c-rcheruku/.m2/repository/com/fasterxml/jackson/jaxrs/jackson-jaxrs-json-provider/2.8.1/jackson-jaxrs-json-provider-2.8.1.jar]
09:55:57.463 [main] DEBUG org.springframework.core.io.support.PathMatchingResourcePatternResolver - Looking for matching resources in jar file [file:/C:/Users/c-rcheruku/.m2/repository/com/fasterxml/jackson/module/jackson-module-jaxb-annotations/2.8.1/jackson-module-jaxb-annotations-2.8.1.jar]
09:55:57.463 [main] DEBUG org.springframework.core.io.support.PathMatchingResourcePatternResolver - Looking for matching resources in jar file [file:/C:/Users/c-rcheruku/.m2/repository/com/fasterxml/classmate/1.3.1/classmate-1.3.1.jar]
09:55:57.464 [main] DEBUG org.springframework.core.io.support.PathMatchingResourcePatternResolver - Looking for matching resources in jar file [file:/C:/Users/c-rcheruku/.m2/repository/com/jayway/jsonpath/json-path/2.2.0/json-path-2.2.0.jar]
09:55:57.465 [main] DEBUG org.springframework.core.io.support.PathMatchingResourcePatternResolver - Resolved location pattern [classpath*:com/*.class] to resources []
09:55:57.471 [main] DEBUG org.springframework.test.context.junit4.SpringJUnit4ClassRunner - SpringJUnit4ClassRunner constructor called with [class com.howtodoinjava.demo.SpringBootDemoApplicationTests]
09:55:57.471 [main] DEBUG org.springframework.test.context.BootstrapUtils - Instantiating CacheAwareContextLoaderDelegate from class [org.springframework.test.context.cache.DefaultCacheAwareContextLoaderDelegate]
09:55:57.471 [main] DEBUG org.springframework.test.context.BootstrapUtils - Instantiating BootstrapContext using constructor [public org.springframework.test.context.support.DefaultBootstrapContext(java.lang.Class,org.springframework.test.context.CacheAwareContextLoaderDelegate)]
09:55:57.472 [main] DEBUG org.springframework.test.context.BootstrapUtils - Instantiating TestContextBootstrapper for test class [com.howtodoinjava.demo.SpringBootDemoApplicationTests] from class [org.springframework.boot.test.context.SpringBootTestContextBootstrapper]
09:55:57.473 [main] INFO org.springframework.boot.test.context.SpringBootTestContextBootstrapper - Neither @ContextConfiguration nor @ContextHierarchy found for test class [com.howtodoinjava.demo.SpringBootDemoApplicationTests], using SpringBootContextLoader
09:55:57.474 [main] DEBUG org.springframework.test.context.support.AbstractContextLoader - Did not detect default resource location for test class [com.howtodoinjava.demo.SpringBootDemoApplicationTests]: class path resource [com/howtodoinjava/demo/SpringBootDemoApplicationTests-context.xml] does not exist
09:55:57.474 [main] DEBUG org.springframework.test.context.support.AbstractContextLoader - Did not detect default resource location for test class [com.howtodoinjava.demo.SpringBootDemoApplicationTests]: class path resource [com/howtodoinjava/demo/SpringBootDemoApplicationTestsContext.groovy] does not exist
09:55:57.474 [main] INFO org.springframework.test.context.support.AbstractContextLoader - Could not detect default resource locations for test class [com.howtodoinjava.demo.SpringBootDemoApplicationTests]: no resource found for suffixes {-context.xml, Context.groovy}.
09:55:57.475 [main] INFO org.springframework.test.context.support.AnnotationConfigContextLoaderUtils - Could not detect default configuration classes for test class [com.howtodoinjava.demo.SpringBootDemoApplicationTests]: SpringBootDemoApplicationTests does not declare any static, non-private, non-final, nested classes annotated with @Configuration.
09:55:57.480 [main] DEBUG org.springframework.test.context.support.ActiveProfilesUtils - Could not find an 'annotation declaring class' for annotation type [org.springframework.test.context.ActiveProfiles] and class [com.howtodoinjava.demo.SpringBootDemoApplicationTests]
09:55:57.481 [main] DEBUG org.springframework.core.env.StandardEnvironment - Adding [systemProperties] PropertySource with lowest search precedence
09:55:57.481 [main] DEBUG org.springframework.core.env.StandardEnvironment - Adding [systemEnvironment] PropertySource with lowest search precedence
09:55:57.482 [main] DEBUG org.springframework.core.env.StandardEnvironment - Initialized StandardEnvironment with PropertySources [systemProperties,systemEnvironment]
09:55:57.482 [main] DEBUG org.springframework.core.io.support.PathMatchingResourcePatternResolver - Resolved classpath location [com/howtodoinjava/demo/] to resources [URL [file:/C:/Users/c-rcheruku/Downloads/RewardsProgram/springbootdemo/target/test-classes/com/howtodoinjava/demo/]]
09:55:57.482 [main] DEBUG org.springframework.core.io.support.PathMatchingResourcePatternResolver - Looking for matching resources in directory tree [C:\Users\c-rcheruku\Downloads\RewardsProgram\springbootdemo\target\test-classes\com\howtodoinjava\demo]
09:55:57.482 [main] DEBUG org.springframework.core.io.support.PathMatchingResourcePatternResolver - Searching directory [C:\Users\c-rcheruku\Downloads\RewardsProgram\springbootdemo\target\test-classes\com\howtodoinjava\demo] for files matching pattern [C:/Users/c-rcheruku/Downloads/RewardsProgram/springbootdemo/target/test-classes/com/howtodoinjava/demo/*.class]
09:55:57.484 [main] DEBUG org.springframework.core.io.support.PathMatchingResourcePatternResolver - Resolved location pattern [classpath*:com/howtodoinjava/demo/*.class] to resources [file [C:\Users\c-rcheruku\Downloads\RewardsProgram\springbootdemo\target\test-classes\com\howtodoinjava\demo\SpringBootDemoApplicationTests.class]]
09:55:57.485 [main] DEBUG org.springframework.core.io.support.PathMatchingResourcePatternResolver - Resolved classpath location [com/howtodoinjava/] to resources [URL [file:/C:/Users/c-rcheruku/Downloads/RewardsProgram/springbootdemo/target/test-classes/com/howtodoinjava/]]
09:55:57.485 [main] DEBUG org.springframework.core.io.support.PathMatchingResourcePatternResolver - Looking for matching resources in directory tree [C:\Users\c-rcheruku\Downloads\RewardsProgram\springbootdemo\target\test-classes\com\howtodoinjava]
09:55:57.485 [main] DEBUG org.springframework.core.io.support.PathMatchingResourcePatternResolver - Searching directory [C:\Users\c-rcheruku\Downloads\RewardsProgram\springbootdemo\target\test-classes\com\howtodoinjava] for files matching pattern [C:/Users/c-rcheruku/Downloads/RewardsProgram/springbootdemo/target/test-classes/com/howtodoinjava/*.class]
09:55:57.486 [main] DEBUG org.springframework.core.io.support.PathMatchingResourcePatternResolver - Resolved location pattern [classpath*:com/howtodoinjava/*.class] to resources []
09:55:57.487 [main] DEBUG org.springframework.core.io.support.PathMatchingResourcePatternResolver - Resolved classpath location [com/] to resources [URL [file:/C:/Users/c-rcheruku/Downloads/RewardsProgram/springbootdemo/target/test-classes/com/], URL [file:/C:/Users/c-rcheruku/Downloads/RewardsProgram/springbootdemo/target/classes/com/], URL [jar:file:/C:/Users/c-rcheruku/.m2/repository/com/fasterxml/jackson/core/jackson-databind/2.8.1/jackson-databind-2.8.1.jar!/com/], URL [jar:file:/C:/Users/c-rcheruku/.m2/repository/com/fasterxml/jackson/core/jackson-annotations/2.8.1/jackson-annotations-2.8.1.jar!/com/], URL [jar:file:/C:/Users/c-rcheruku/.m2/repository/com/fasterxml/jackson/core/jackson-core/2.8.1/jackson-core-2.8.1.jar!/com/], URL [jar:file:/C:/Users/c-rcheruku/.m2/repository/org/glassfish/jersey/core/jersey-server/2.23.1/jersey-server-2.23.1.jar!/com/], URL [jar:file:/C:/Users/c-rcheruku/.m2/repository/org/glassfish/hk2/hk2-core/2.4.0-b34/hk2-core-2.4.0-b34.jar!/com/], URL [jar:file:/C:/Users/c-rcheruku/.m2/repository/com/fasterxml/jackson/jaxrs/jackson-jaxrs-base/2.8.1/jackson-jaxrs-base-2.8.1.jar!/com/], URL [jar:file:/C:/Users/c-rcheruku/.m2/repository/com/fasterxml/jackson/jaxrs/jackson-jaxrs-json-provider/2.8.1/jackson-jaxrs-json-provider-2.8.1.jar!/com/], URL [jar:file:/C:/Users/c-rcheruku/.m2/repository/com/fasterxml/jackson/module/jackson-module-jaxb-annotations/2.8.1/jackson-module-jaxb-annotations-2.8.1.jar!/com/], URL [jar:file:/C:/Users/c-rcheruku/.m2/repository/com/fasterxml/classmate/1.3.1/classmate-1.3.1.jar!/com/], URL [jar:file:/C:/Users/c-rcheruku/.m2/repository/com/jayway/jsonpath/json-path/2.2.0/json-path-2.2.0.jar!/com/]]
09:55:57.488 [main] DEBUG org.springframework.core.io.support.PathMatchingResourcePatternResolver - Looking for matching resources in directory tree [C:\Users\c-rcheruku\Downloads\RewardsProgram\springbootdemo\target\test-classes\com]
09:55:57.488 [main] DEBUG org.springframework.core.io.support.PathMatchingResourcePatternResolver - Searching directory [C:\Users\c-rcheruku\Downloads\RewardsProgram\springbootdemo\target\test-classes\com] for files matching pattern [C:/Users/c-rcheruku/Downloads/RewardsProgram/springbootdemo/target/test-classes/com/*.class]
09:55:57.488 [main] DEBUG org.springframework.core.io.support.PathMatchingResourcePatternResolver - Looking for matching resources in directory tree [C:\Users\c-rcheruku\Downloads\RewardsProgram\springbootdemo\target\classes\com]
09:55:57.488 [main] DEBUG org.springframework.core.io.support.PathMatchingResourcePatternResolver - Searching directory [C:\Users\c-rcheruku\Downloads\RewardsProgram\springbootdemo\target\classes\com] for files matching pattern [C:/Users/c-rcheruku/Downloads/RewardsProgram/springbootdemo/target/classes/com/*.class]
09:55:57.489 [main] DEBUG org.springframework.core.io.support.PathMatchingResourcePatternResolver - Looking for matching resources in jar file [file:/C:/Users/c-rcheruku/.m2/repository/com/fasterxml/jackson/core/jackson-databind/2.8.1/jackson-databind-2.8.1.jar]
09:55:57.494 [main] DEBUG org.springframework.core.io.support.PathMatchingResourcePatternResolver - Looking for matching resources in jar file [file:/C:/Users/c-rcheruku/.m2/repository/com/fasterxml/jackson/core/jackson-annotations/2.8.1/jackson-annotations-2.8.1.jar]
09:55:57.495 [main] DEBUG org.springframework.core.io.support.PathMatchingResourcePatternResolver - Looking for matching resources in jar file [file:/C:/Users/c-rcheruku/.m2/repository/com/fasterxml/jackson/core/jackson-core/2.8.1/jackson-core-2.8.1.jar]
09:55:57.496 [main] DEBUG org.springframework.core.io.support.PathMatchingResourcePatternResolver - Looking for matching resources in jar file [file:/C:/Users/c-rcheruku/.m2/repository/org/glassfish/jersey/core/jersey-server/2.23.1/jersey-server-2.23.1.jar]
09:55:57.497 [main] DEBUG org.springframework.core.io.support.PathMatchingResourcePatternResolver - Looking for matching resources in jar file [file:/C:/Users/c-rcheruku/.m2/repository/org/glassfish/hk2/hk2-core/2.4.0-b34/hk2-core-2.4.0-b34.jar]
09:55:57.498 [main] DEBUG org.springframework.core.io.support.PathMatchingResourcePatternResolver - Looking for matching resources in jar file [file:/C:/Users/c-rcheruku/.m2/repository/com/fasterxml/jackson/jaxrs/jackson-jaxrs-base/2.8.1/jackson-jaxrs-base-2.8.1.jar]
09:55:57.499 [main] DEBUG org.springframework.core.io.support.PathMatchingResourcePatternResolver - Looking for matching resources in jar file [file:/C:/Users/c-rcheruku/.m2/repository/com/fasterxml/jackson/jaxrs/jackson-jaxrs-json-provider/2.8.1/jackson-jaxrs-json-provider-2.8.1.jar]
09:55:57.499 [main] DEBUG org.springframework.core.io.support.PathMatchingResourcePatternResolver - Looking for matching resources in jar file [file:/C:/Users/c-rcheruku/.m2/repository/com/fasterxml/jackson/module/jackson-module-jaxb-annotations/2.8.1/jackson-module-jaxb-annotations-2.8.1.jar]
09:55:57.499 [main] DEBUG org.springframework.core.io.support.PathMatchingResourcePatternResolver - Looking for matching resources in jar file [file:/C:/Users/c-rcheruku/.m2/repository/com/fasterxml/classmate/1.3.1/classmate-1.3.1.jar]
09:55:57.500 [main] DEBUG org.springframework.core.io.support.PathMatchingResourcePatternResolver - Looking for matching resources in jar file [file:/C:/Users/c-rcheruku/.m2/repository/com/jayway/jsonpath/json-path/2.2.0/json-path-2.2.0.jar]
09:55:57.501 [main] DEBUG org.springframework.core.io.support.PathMatchingResourcePatternResolver - Resolved location pattern [classpath*:com/*.class] to resources []
]]></system-out>
  </testcase>
</testsuite>